<?xml version="1.0" encoding="UTF-8"?>
<!-- Generated by org.testng.reporters.JUnitReportReporter -->
<testsuite hostname="home-pc" name="com.example.tests.ContactRemovalTests" tests="1" failures="0" timestamp="29 Sep 2014 16:11:42 GMT" time="2.735" errors="0">
  <testcase name="deleteContact" time="2.735" classname="com.example.tests.ContactRemovalTests"/>
</testsuite> <!-- com.example.tests.ContactRemovalTests -->
