<?xml version="1.0" encoding="UTF-8"?>
<!-- Generated by org.testng.reporters.JUnitReportReporter -->
<testsuite hostname="home-pc" name="com.example.tests.GroupRemovalTests" tests="1" failures="0" timestamp="29 Sep 2014 16:11:42 GMT" time="1.618" errors="0">
  <testcase name="deleteGroup" time="1.618" classname="com.example.tests.GroupRemovalTests"/>
</testsuite> <!-- com.example.tests.GroupRemovalTests -->
