<?xml version="1.0" encoding="UTF-8"?>
<!-- Generated by org.testng.reporters.JUnitReportReporter -->
<testsuite hostname="home-pc" name="com.example.tests.ContactCreation" tests="5" failures="0" timestamp="29 Sep 2014 16:11:42 GMT" time="27.626" errors="0">
  <testcase name="createContactWithValidData" time="4.716" classname="com.example.tests.ContactCreation"/>
  <testcase name="createContactWithValidData" time="6.222" classname="com.example.tests.ContactCreation"/>
  <testcase name="createContactWithValidData" time="4.995" classname="com.example.tests.ContactCreation"/>
  <testcase name="createContactWithValidData" time="4.719" classname="com.example.tests.ContactCreation"/>
  <testcase name="createContactWithValidData" time="6.974" classname="com.example.tests.ContactCreation"/>
</testsuite> <!-- com.example.tests.ContactCreation -->
