<?xml version="1.0" encoding="UTF-8"?>
<!-- Generated by org.testng.reporters.JUnitReportReporter -->
<testsuite hostname="home-pc" name="com.example.tests.GroupCreationTests" tests="5" failures="0" timestamp="29 Sep 2014 16:11:42 GMT" time="12.543" errors="0">
  <testcase name="createGroupWithValidData" time="2.497" classname="com.example.tests.GroupCreationTests"/>
  <testcase name="createGroupWithValidData" time="2.519" classname="com.example.tests.GroupCreationTests"/>
  <testcase name="createGroupWithValidData" time="2.513" classname="com.example.tests.GroupCreationTests"/>
  <testcase name="createGroupWithValidData" time="2.470" classname="com.example.tests.GroupCreationTests"/>
  <testcase name="createGroupWithValidData" time="2.544" classname="com.example.tests.GroupCreationTests"/>
</testsuite> <!-- com.example.tests.GroupCreationTests -->
