<?xml version="1.0" encoding="UTF-8"?>
<!-- Generated by org.testng.reporters.JUnitReportReporter -->
<testsuite hostname="home-pc" name="com.example.tests.GroupCreationTests" tests="2" failures="0" timestamp="28 Jul 2014 17:06:49 GMT" time="5.212" errors="0">
  <testcase name="createNonEmptyGroup" time="2.435" classname="com.example.tests.GroupCreationTests"/>
  <testcase name="createEmptyGroup" time="2.777" classname="com.example.tests.GroupCreationTests"/>
</testsuite> <!-- com.example.tests.GroupCreationTests -->
