<?xml version="1.0" encoding="UTF-8"?>
<!-- Generated by org.testng.reporters.JUnitReportReporter -->
<testsuite hostname="home-pc" name="com.example.tests.GroupCreationTests" tests="2" failures="0" timestamp="3 Aug 2014 07:12:37 GMT" time="2.752" errors="0">
  <testcase name="createNonEmptyGroup" time="1.334" classname="com.example.tests.GroupCreationTests"/>
  <testcase name="createEmptyGroup" time="1.418" classname="com.example.tests.GroupCreationTests"/>
</testsuite> <!-- com.example.tests.GroupCreationTests -->
