<?xml version="1.0" encoding="UTF-8"?>
<!-- Generated by org.testng.reporters.JUnitReportReporter -->
<testsuite hostname="home-pc" name="com.example.tests.ContactCreation" tests="2" failures="0" timestamp="3 Aug 2014 07:12:37 GMT" time="9.068" errors="0">
  <testcase name="testContactCreation" time="6.791" classname="com.example.tests.ContactCreation"/>
  <testcase name="testEmptyContactCreation" time="2.277" classname="com.example.tests.ContactCreation"/>
</testsuite> <!-- com.example.tests.ContactCreation -->
