<?xml version="1.0" encoding="UTF-8"?>
<!-- Generated by org.testng.reporters.JUnitReportReporter -->
<testsuite hostname="home-pc" name="com.example.tests.ContactModificationTests" tests="10" failures="0" timestamp="29 Sep 2014 16:11:42 GMT" time="55.234" errors="0">
  <testcase name="modifyContactFromDetails" time="5.094" classname="com.example.tests.ContactModificationTests"/>
  <testcase name="modifyContactFromMainPage" time="7.489" classname="com.example.tests.ContactModificationTests"/>
  <testcase name="modifyContactFromMainPage" time="5.287" classname="com.example.tests.ContactModificationTests"/>
  <testcase name="modifyContactFromMainPage" time="4.114" classname="com.example.tests.ContactModificationTests"/>
  <testcase name="modifyContactFromDetails" time="5.083" classname="com.example.tests.ContactModificationTests"/>
  <testcase name="modifyContactFromDetails" time="6.362" classname="com.example.tests.ContactModificationTests"/>
  <testcase name="modifyContactFromMainPage" time="4.755" classname="com.example.tests.ContactModificationTests"/>
  <testcase name="modifyContactFromMainPage" time="5.650" classname="com.example.tests.ContactModificationTests"/>
  <testcase name="modifyContactFromDetails" time="5.443" classname="com.example.tests.ContactModificationTests"/>
  <testcase name="modifyContactFromDetails" time="5.957" classname="com.example.tests.ContactModificationTests"/>
</testsuite> <!-- com.example.tests.ContactModificationTests -->
