<?xml version="1.0" encoding="UTF-8"?>
<!-- Generated by org.testng.reporters.JUnitReportReporter -->
<testsuite hostname="home-pc" name="com.example.tests.GroupModificationTests" tests="5" failures="0" timestamp="29 Sep 2014 16:11:42 GMT" time="13.130" errors="0">
  <testcase name="modifyGroup" time="2.626" classname="com.example.tests.GroupModificationTests"/>
  <testcase name="modifyGroup" time="2.663" classname="com.example.tests.GroupModificationTests"/>
  <testcase name="modifyGroup" time="2.667" classname="com.example.tests.GroupModificationTests"/>
  <testcase name="modifyGroup" time="2.816" classname="com.example.tests.GroupModificationTests"/>
  <testcase name="modifyGroup" time="2.358" classname="com.example.tests.GroupModificationTests"/>
</testsuite> <!-- com.example.tests.GroupModificationTests -->
